{"E:\\develop\\terms_guardian\\src\\analysis\\textExtractor.js": {"path":"E:\\develop\\terms_guardian\\src\\analysis\\textExtractor.js","statementMap":{"0":{"start":{"line":9,"column":8},"end":{"line":9,"column":57}},"1":{"start":{"line":9,"column":47},"end":{"line":9,"column":57}},"2":{"start":{"line":10,"column":8},"end":{"line":10,"column":51}},"3":{"start":{"line":11,"column":33},"end":{"line":15,"column":26}},"4":{"start":{"line":17,"column":8},"end":{"line":17,"column":50}},"5":{"start":{"line":18,"column":8},"end":{"line":18,"column":32}},"6":{"start":{"line":25,"column":8},"end":{"line":47,"column":9}},"7":{"start":{"line":26,"column":24},"end":{"line":26,"column":74}},"8":{"start":{"line":27,"column":32},"end":{"line":27,"column":64}},"9":{"start":{"line":29,"column":12},"end":{"line":37,"column":13}},"10":{"start":{"line":30,"column":16},"end":{"line":30,"column":92}},"11":{"start":{"line":31,"column":37},"end":{"line":31,"column":169}},"12":{"start":{"line":32,"column":16},"end":{"line":36,"column":17}},"13":{"start":{"line":33,"column":20},"end":{"line":33,"column":64}},"14":{"start":{"line":35,"column":20},"end":{"line":35,"column":30}},"15":{"start":{"line":39,"column":12},"end":{"line":39,"column":56}},"16":{"start":{"line":41,"column":12},"end":{"line":46,"column":13}},"17":{"start":{"line":42,"column":16},"end":{"line":42,"column":74}},"18":{"start":{"line":43,"column":16},"end":{"line":43,"column":26}},"19":{"start":{"line":45,"column":16},"end":{"line":45,"column":28}},"20":{"start":{"line":54,"column":8},"end":{"line":54,"column":36}},"21":{"start":{"line":61,"column":26},"end":{"line":61,"column":46}},"22":{"start":{"line":62,"column":30},"end":{"line":62,"column":46}},"23":{"start":{"line":63,"column":26},"end":{"line":63,"column":62}},"24":{"start":{"line":64,"column":8},"end":{"line":64,"column":58}},"25":{"start":{"line":64,"column":41},"end":{"line":64,"column":56}},"26":{"start":{"line":71,"column":26},"end":{"line":71,"column":46}},"27":{"start":{"line":72,"column":26},"end":{"line":72,"column":36}},"28":{"start":{"line":73,"column":8},"end":{"line":73,"column":48}},"29":{"start":{"line":76,"column":4},"end":{"line":82,"column":6}},"30":{"start":{"line":86,"column":0},"end":{"line":90,"column":1}},"31":{"start":{"line":87,"column":4},"end":{"line":87,"column":45}},"32":{"start":{"line":89,"column":4},"end":{"line":89,"column":59}}},"fnMap":{"0":{"name":"createTextExtractor","decl":{"start":{"line":4,"column":9},"end":{"line":4,"column":28}},"loc":{"start":{"line":4,"column":49},"end":{"line":83,"column":1}},"line":4},"1":{"name":"preprocessText","decl":{"start":{"line":8,"column":13},"end":{"line":8,"column":27}},"loc":{"start":{"line":8,"column":34},"end":{"line":19,"column":5}},"line":8},"2":{"name":"extractFromHTML","decl":{"start":{"line":24,"column":13},"end":{"line":24,"column":28}},"loc":{"start":{"line":24,"column":35},"end":{"line":48,"column":5}},"line":24},"3":{"name":"extractFromText","decl":{"start":{"line":53,"column":13},"end":{"line":53,"column":28}},"loc":{"start":{"line":53,"column":35},"end":{"line":55,"column":5}},"line":53},"4":{"name":"splitIntoSentences","decl":{"start":{"line":60,"column":13},"end":{"line":60,"column":31}},"loc":{"start":{"line":60,"column":38},"end":{"line":65,"column":5}},"line":60},"5":{"name":"(anonymous_5)","decl":{"start":{"line":64,"column":29},"end":{"line":64,"column":30}},"loc":{"start":{"line":64,"column":41},"end":{"line":64,"column":56}},"line":64},"6":{"name":"splitIntoWords","decl":{"start":{"line":70,"column":13},"end":{"line":70,"column":27}},"loc":{"start":{"line":70,"column":34},"end":{"line":74,"column":5}},"line":70}},"branchMap":{"0":{"loc":{"start":{"line":9,"column":8},"end":{"line":9,"column":57}},"type":"if","locations":[{"start":{"line":9,"column":8},"end":{"line":9,"column":57}},{"start":{},"end":{}}],"line":9},"1":{"loc":{"start":{"line":9,"column":12},"end":{"line":9,"column":45}},"type":"binary-expr","locations":[{"start":{"line":9,"column":12},"end":{"line":9,"column":17}},{"start":{"line":9,"column":21},"end":{"line":9,"column":45}}],"line":9},"2":{"loc":{"start":{"line":29,"column":12},"end":{"line":37,"column":13}},"type":"if","locations":[{"start":{"line":29,"column":12},"end":{"line":37,"column":13}},{"start":{},"end":{}}],"line":29},"3":{"loc":{"start":{"line":32,"column":16},"end":{"line":36,"column":17}},"type":"if","locations":[{"start":{"line":32,"column":16},"end":{"line":36,"column":17}},{"start":{"line":34,"column":23},"end":{"line":36,"column":17}}],"line":32},"4":{"loc":{"start":{"line":41,"column":12},"end":{"line":46,"column":13}},"type":"if","locations":[{"start":{"line":41,"column":12},"end":{"line":46,"column":13}},{"start":{"line":44,"column":19},"end":{"line":46,"column":13}}],"line":41},"5":{"loc":{"start":{"line":63,"column":26},"end":{"line":63,"column":62}},"type":"binary-expr","locations":[{"start":{"line":63,"column":26},"end":{"line":63,"column":56}},{"start":{"line":63,"column":60},"end":{"line":63,"column":62}}],"line":63},"6":{"loc":{"start":{"line":73,"column":15},"end":{"line":73,"column":47}},"type":"binary-expr","locations":[{"start":{"line":73,"column":15},"end":{"line":73,"column":41}},{"start":{"line":73,"column":45},"end":{"line":73,"column":47}}],"line":73},"7":{"loc":{"start":{"line":86,"column":0},"end":{"line":90,"column":1}},"type":"if","locations":[{"start":{"line":86,"column":0},"end":{"line":90,"column":1}},{"start":{"line":88,"column":7},"end":{"line":90,"column":1}}],"line":86},"8":{"loc":{"start":{"line":86,"column":4},"end":{"line":86,"column":51}},"type":"binary-expr","locations":[{"start":{"line":86,"column":4},"end":{"line":86,"column":33}},{"start":{"line":86,"column":37},"end":{"line":86,"column":51}}],"line":86}},"s":{"0":1,"1":0,"2":1,"3":1,"4":1,"5":1,"6":2,"7":2,"8":2,"9":2,"10":1,"11":1,"12":1,"13":0,"14":1,"15":1,"16":0,"17":0,"18":0,"19":0,"20":0,"21":0,"22":0,"23":0,"24":0,"25":0,"26":0,"27":0,"28":0,"29":1,"30":1,"31":1,"32":0},"f":{"0":1,"1":1,"2":2,"3":0,"4":0,"5":0,"6":0},"b":{"0":[0,1],"1":[1,1],"2":[1,1],"3":[0,1],"4":[0,0],"5":[0,0],"6":[0,0],"7":[1,0],"8":[1,1]},"_coverageSchema":"1a1c01bbd47fc00a2c39e90264f33305004495a9","hash":"b2094e286ded4c8735bfde2d8c22b54caebe27cf"}
}
