TN:
SF:src\analysis\textExtractor.js
FN:4,createTextExtractor
FN:8,preprocessText
FN:24,extractFromHTML
FN:53,extractFromText
FN:60,splitIntoSentences
FN:64,(anonymous_5)
FN:70,splitIntoWords
FNF:7
FNH:3
FNDA:1,createTextExtractor
FNDA:1,preprocessText
FNDA:2,extractFromHTML
FNDA:0,extractFromText
FNDA:0,splitIntoSentences
FNDA:0,(anonymous_5)
FNDA:0,splitIntoWords
DA:9,1
DA:10,1
DA:11,1
DA:17,1
DA:18,1
DA:25,2
DA:26,2
DA:27,2
DA:29,2
DA:30,1
DA:31,1
DA:32,1
DA:33,0
DA:35,1
DA:39,1
DA:41,0
DA:42,0
DA:43,0
DA:45,0
DA:54,0
DA:61,0
DA:62,0
DA:63,0
DA:64,0
DA:71,0
DA:72,0
DA:73,0
DA:76,1
DA:86,1
DA:87,1
DA:89,0
LF:31
LH:17
BRDA:9,0,0,0
BRDA:9,0,1,1
BRDA:9,1,0,1
BRDA:9,1,1,1
BRDA:29,2,0,1
BRDA:29,2,1,1
BRDA:32,3,0,0
BRDA:32,3,1,1
BRDA:41,4,0,0
BRDA:41,4,1,0
BRDA:63,5,0,0
BRDA:63,5,1,0
BRDA:73,6,0,0
BRDA:73,6,1,0
BRDA:86,7,0,1
BRDA:86,7,1,0
BRDA:86,8,0,1
BRDA:86,8,1,1
BRF:18
BRH:9
end_of_record
